<?xml version="1.0" encoding="utf-8"?><testsuites name="pytest tests"><testsuite name="pytest" errors="0" failures="0" skipped="0" tests="20" time="3.601" timestamp="2026-06-06T06:01:29.505086+00:00" hostname="agent-env-7dd6f5f0-7f72-4120-afec-b28d6e248091"><testcase classname="backend.tests.test_api" name="test_root" time="0.304" /><testcase classname="backend.tests.test_api" name="test_categories" time="0.159" /><testcase classname="backend.tests.test_api" name="test_products_paginated" time="0.102" /><testcase classname="backend.tests.test_api" name="test_products_filter_category[Millets]" time="0.119" /><testcase classname="backend.tests.test_api" name="test_products_filter_category[Spices &amp; Powders]" time="0.100" /><testcase classname="backend.tests.test_api" name="test_products_filter_category[Rices]" time="0.136" /><testcase classname="backend.tests.test_api" name="test_products_filter_category[Oils]" time="0.113" /><testcase classname="backend.tests.test_api" name="test_products_filter_category[Dals]" time="0.139" /><testcase classname="backend.tests.test_api" name="test_products_filter_category[Cookies]" time="0.134" /><testcase classname="backend.tests.test_api" name="test_products_filter_category[Processed Products]" time="0.118" /><testcase classname="backend.tests.test_api" name="test_products_sort_price_low" time="0.104" /><testcase classname="backend.tests.test_api" name="test_products_filter_type" time="0.107" /><testcase classname="backend.tests.test_api" name="test_products_filter_benefits" time="0.110" /><testcase classname="backend.tests.test_api" name="test_get_product_by_id" time="0.108" /><testcase classname="backend.tests.test_api" name="test_get_product_404" time="0.107" /><testcase classname="backend.tests.test_api" name="test_testimonials" time="0.107" /><testcase classname="backend.tests.test_api" name="test_testimonials_featured" time="0.109" /><testcase classname="backend.tests.test_api" name="test_cart_flow" time="1.026" /><testcase classname="backend.tests.test_api" name="test_cart_invalid_product" time="0.104" /><testcase classname="backend.tests.test_api" name="test_cart_invalid_size" time="0.106" /></testsuite></testsuites>