<?xml version="1.0" encoding="utf-8"?><testsuites name="pytest tests"><testsuite name="pytest" errors="0" failures="0" skipped="0" tests="7" time="2.766" timestamp="2026-08-27T14:25:26.972904+00:00" hostname="agent-env-83f0ce38-c7bf-40a3-a6a3-27bc8c661912"><testcase classname="tests.test_storefront_regression" name="test_products_per_page_200" time="0.330" /><testcase classname="tests.test_storefront_regression" name="test_products_per_page_exceed_cap" time="0.088" /><testcase classname="tests.test_storefront_regression" name="test_categories" time="0.077" /><testcase classname="tests.test_storefront_regression" name="test_search_millet" time="0.080" /><testcase classname="tests.test_storefront_regression" name="test_cart_add_get_update_delete" time="0.396" /><testcase classname="tests.test_storefront_regression" name="test_shopify_checkout_url" time="0.898" /><testcase classname="tests.test_storefront_regression" name="test_fonts_available" time="0.395" /></testsuite></testsuites>